#
# A fatal error has been detected by the Java Runtime Environment:
#
#  EXCEPTION_ACCESS_VIOLATION (0xc0000005) at pc=0x00007ffebc3a0316, pid=9264, tid=5720
#
# JRE version: OpenJDK Runtime Environment Temurin-17.0.10+7 (17.0.10+7) (build 17.0.10+7)
# Java VM: OpenJDK 64-Bit Server VM Temurin-17.0.10+7 (17.0.10+7, mixed mode, tiered, compressed oops, compressed class ptrs, parallel gc, windows-amd64)
# Problematic frame:
# V  [jvm.dll+0x6b0316]
#
# No core dump will be written. Minidumps are not enabled by default on client versions of Windows
#
# If you would like to submit a bug report, please visit:
#   https://github.com/adoptium/adoptium-support/issues
#

---------------  S U M M A R Y ------------

Command Line: --add-modules=ALL-SYSTEM --add-opens=java.base/java.util=ALL-UNNAMED --add-opens=java.base/java.lang=ALL-UNNAMED --add-opens=java.base/sun.nio.fs=ALL-UNNAMED -Declipse.application=org.eclipse.jdt.ls.core.id1 -Dosgi.bundles.defaultStartLevel=4 -Declipse.product=org.eclipse.jdt.ls.core.product -Djava.import.generatesMetadataFilesAtProjectRoot=false -DDetectVMInstallationsJob.disabled=true -Dfile.encoding=utf8 -XX:+UseParallelGC -XX:GCTimeRatio=4 -XX:AdaptiveSizePolicyWeight=90 -Dsun.zip.disableMemoryMapping=true -Xmx1G -Xms100m -Xlog:disable -javaagent:c:\Users\gutie\.vscode\extensions\redhat.java-1.28.1-win32-x64\lombok\lombok-1.18.31.jar -XX:+HeapDumpOnOutOfMemoryError -XX:HeapDumpPath=c:\Users\gutie\AppData\Roaming\Code\User\workspaceStorage\732b7c4c7c066e6cbb688c690228bc1d\redhat.java -Daether.dependencyCollector.impl=bf c:\Users\gutie\.vscode\extensions\redhat.java-1.28.1-win32-x64\server\plugins\org.eclipse.equinox.launcher_1.6.700.v20231214-2017.jar -configuration c:\Users\gutie\AppData\Roaming\Code\User\globalStorage\redhat.java\1.28.1\config_win -data c:\Users\gutie\AppData\Roaming\Code\User\workspaceStorage\732b7c4c7c066e6cbb688c690228bc1d\redhat.java\jdt_ws --stdio

Host: AMD Ryzen 3 3200G with Radeon Vega Graphics    , 4 cores, 13G,  Windows 10 , 64 bit Build 19041 (10.0.19041.3636)
Time: Tue Apr  2 22:36:35 2024 Hora est. Pacífico, Sudamérica elapsed time: 38.838808 seconds (0d 0h 0m 38s)

---------------  T H R E A D  ---------------

Current thread (0x000001a7b76059b0):  GCTaskThread "GC Thread#2" [stack: 0x0000009400300000,0x0000009400400000] [id=5720]

Stack: [0x0000009400300000,0x0000009400400000],  sp=0x00000094003ff820,  free space=1022k
Native frames: (J=compiled Java code, j=interpreted, Vv=VM code, C=native code)
V  [jvm.dll+0x6b0316]
V  [jvm.dll+0x6b0663]
V  [jvm.dll+0x6b5218]
V  [jvm.dll+0x7e81e8]
V  [jvm.dll+0x6b9c0d]
V  [jvm.dll+0x86226b]
V  [jvm.dll+0x8622b6]
V  [jvm.dll+0x7e3fba]
V  [jvm.dll+0x67c1b5]
C  [ucrtbase.dll+0x21bb2]
C  [KERNEL32.DLL+0x17344]
C  [ntdll.dll+0x526b1]


siginfo: EXCEPTION_ACCESS_VIOLATION (0xc0000005), reading address 0xffffffffffffffff


Registers:
RAX=0x1fffffffe8000001, RBX=0x0000000000000009, RCX=0x0000000000000001, RDX=0x000001a7afcc0000
RSP=0x00000094003ff820, RBP=0x000001a7b2012450, RSI=0x0000000000000006, RDI=0x00000000c352dfb0
R8 =0x007fffffffa00000, R9 =0x0000000000000729, R10=0x00000000c352dfb0, R11=0x000000000000006a
R12=0x00000000000003d8, R13=0x00000094003ffa00, R14=0x00000000c352ffa8, R15=0x0000000000000000
RIP=0x00007ffebc3a0316, EFLAGS=0x0000000000010216


Register to memory mapping:

RIP=0x00007ffebc3a0316 jvm.dll
RAX=0x1fffffffe8000001 is an unknown value
RBX=0x0000000000000009 is an unknown value
RCX=0x0000000000000001 is an unknown value
RDX=0x000001a7afcc0000 points into unknown readable memory: 0x0924924924924001 | 01 40 92 24 49 92 24 09
RSP=0x00000094003ff820 points into unknown readable memory: 0x00000000c352dfb0 | b0 df 52 c3 00 00 00 00
RBP=0x000001a7b2012450 points into unknown readable memory: 0x000001a79c3a10f0 | f0 10 3a 9c a7 01 00 00
RSI=0x0000000000000006 is an unknown value
RDI=0x00000000c352dfb0 is an oop: [B 
{0x00000000c352dfb0} - klass: {type array byte}
 - length: 31
R8 =0x007fffffffa00000 is an unknown value
R9 =0x0000000000000729 is an unknown value
R10=0x00000000c352dfb0 is an oop: [B 
{0x00000000c352dfb0} - klass: {type array byte}
 - length: 31
R11=0x000000000000006a is an unknown value
R12=0x00000000000003d8 is an unknown value
R13=0x00000094003ffa00 points into unknown readable memory: 0x00007ffebc6a1b50 | 50 1b 6a bc fe 7f 00 00
R14=0x00000000c352ffa8 is pointing into object: java.lang.String 
{0x00000000c352ffa0} - klass: 'java/lang/String'
 - string: "slf4j-reload4j package"
R15=0x0 is NULL


Top of Stack: (sp=0x00000094003ff820)
0x00000094003ff820:   00000000c352dfb0 00000000c352dfac
0x00000094003ff830:   0000000000000000 00007ffebc81c7a0
0x00000094003ff840:   00007ffebc81c7a0 00007ffebc3a0663
0x00000094003ff850:   000001a7b2012450 00007ffebc60bb90
0x00000094003ff860:   00007ffebc6a1158 0000000000000729
0x00000094003ff870:   0000000000000000 00007ffe00000000
0x00000094003ff880:   000001a7b7397320 00007ffebc4d0001
0x00000094003ff890:   00000094003ff901 00000000c14542f0
0x00000094003ff8a0:   00007ffebc60bb90 000001a79c301ac0
0x00000094003ff8b0:   000001a700000003 000001a7b2012450
0x00000094003ff8c0:   0000000000000000 0000000000000000
0x00000094003ff8d0:   000001a7b7397320 000001a7b728aca8
0x00000094003ff8e0:   000001a7b7a1d060 000001a7b728a8d0
0x00000094003ff8f0:   000001a7b728a8c0 00007ffebc3a5218
0x00000094003ff900:   000001a7b2012450 000001a7b728a8c0
0x00000094003ff910:   000001a7b728a8d0 000001a7b2012450
0x00000094003ff920:   00007ffebc6a1948 000001a7b2012450
0x00000094003ff930:   00007ffebc644ad0 00000094003ff920
0x00000094003ff940:   0000000000000000 0000000000000000
0x00000094003ff950:   0000000000000002 0000000000000001
0x00000094003ff960:   00007ffebc6a1948 000000947f2fed20
0x00000094003ff970:   000001a7b985c860 00007ffebc4d81e8
0x00000094003ff980:   0000000000000036 000001a7b985c8e8
0x00000094003ff990:   00000094003ffa00 000000000000001c
0x00000094003ff9a0:   000000947f2fee60 00007ffebc3a9c0d
0x00000094003ff9b0:   0000000000000000 00000094003ffa30
0x00000094003ff9c0:   000001a7b76059b0 000000947f2fed20
0x00000094003ff9d0:   000000947f2ff0c0 000001a7b728a8c0
0x00000094003ff9e0:   0000000200000002 000000947f2fed20
0x00000094003ff9f0:   0000000300000000 0000000017234fee
0x00000094003ffa00:   00007ffebc6a1b50 0000000000000002
0x00000094003ffa10:   0000000000000000 0000000000000000 

Instructions: (pc=0x00007ffebc3a0316)
0x00007ffebc3a0216:   48 8b 74 24 48 48 83 c4 20 5f c3 cc cc cc cc cc
0x00007ffebc3a0226:   cc cc cc cc cc cc cc cc cc cc 48 89 5c 24 08 48
0x00007ffebc3a0236:   89 6c 24 10 48 89 74 24 18 48 89 7c 24 20 41 56
0x00007ffebc3a0246:   48 83 ec 20 80 3d 30 31 4d 00 00 bb 10 00 00 00
0x00007ffebc3a0256:   48 8b e9 4d 63 d0 4c 8b da 8b c3 8d 4b fc 0f 84
0x00007ffebc3a0266:   06 01 00 00 44 0f b6 0d 10 31 4d 00 45 84 c9 0f
0x00007ffebc3a0276:   45 c1 4c 63 04 10 49 8b d2 49 8b c0 49 2b c2 41
0x00007ffebc3a0286:   ba 00 08 00 00 49 3b c2 4c 0f 42 d0 b8 18 00 00
0x00007ffebc3a0296:   00 4c 03 d2 45 84 c9 0f 45 c3 49 03 c3 48 8d 3c
0x00007ffebc3a02a6:   90 4e 8d 34 90 4d 3b d0 73 0e 4d 8b c2 49 8b d3
0x00007ffebc3a02b6:   48 8b cd e8 82 0b 00 00 49 3b fe 0f 83 90 01 00
0x00007ffebc3a02c6:   00 66 0f 1f 84 00 00 00 00 00 8b 07 85 c0 0f 84
0x00007ffebc3a02d6:   84 00 00 00 8b 0d 08 70 46 00 8b d8 48 8b 15 17
0x00007ffebc3a02e6:   d3 4e 00 48 d3 e3 48 03 1d ed 6f 46 00 8b 0d 3f
0x00007ffebc3a02f6:   7f 46 00 48 8b c3 48 2b 02 48 8b 52 10 48 c1 e8
0x00007ffebc3a0306:   03 48 d3 e8 4c 8b c0 24 3f 49 c1 e8 06 0f b6 c8
0x00007ffebc3a0316:   4a 8b 04 c2 48 0f a3 c8 72 3e 48 8b cb e8 78 c7
0x00007ffebc3a0326:   95 ff 48 63 f0 48 8d 0d 9e d4 4e 00 4c 8b c6 48
0x00007ffebc3a0336:   8b d3 e8 d3 72 fd ff 84 c0 74 1d 4c 8b c6 48 8d
0x00007ffebc3a0346:   0d c5 d4 4e 00 48 8b d3 e8 0d 2f 00 00 48 8b d3
0x00007ffebc3a0356:   48 8b cd e8 42 0a 00 00 48 83 c7 04 49 3b fe 0f
0x00007ffebc3a0366:   82 65 ff ff ff e9 e7 00 00 00 0f b6 15 0b 30 4d
0x00007ffebc3a0376:   00 84 d2 48 0f 45 c1 49 8b ca 4e 63 0c 18 49 8b
0x00007ffebc3a0386:   c1 49 2b c2 41 ba 00 08 00 00 49 3b c2 4c 0f 42
0x00007ffebc3a0396:   d0 b8 18 00 00 00 4c 03 d1 84 d2 48 0f 45 c3 49
0x00007ffebc3a03a6:   03 c3 48 8d 3c c8 4e 8d 34 d0 4d 3b d1 73 0e 4d
0x00007ffebc3a03b6:   8b c2 49 8b d3 48 8b cd e8 7d 0a 00 00 49 3b fe
0x00007ffebc3a03c6:   0f 83 8b 00 00 00 0f 1f 40 00 48 8b 1f 48 85 db
0x00007ffebc3a03d6:   74 72 48 8b 15 21 d2 4e 00 48 8b c3 8b 0d 50 7e
0x00007ffebc3a03e6:   46 00 48 2b 02 48 8b 52 10 48 c1 e8 03 48 d3 e8
0x00007ffebc3a03f6:   4c 8b c0 24 3f 49 c1 e8 06 0f b6 c8 4a 8b 04 c2
0x00007ffebc3a0406:   48 0f a3 c8 72 3e 48 8b cb e8 8c c6 95 ff 48 63 


Stack slot to memory mapping:
stack at sp + 0 slots: 0x00000000c352dfb0 is an oop: [B 
{0x00000000c352dfb0} - klass: {type array byte}
 - length: 31
stack at sp + 1 slots: 0x00000000c352dfac points into unknown readable memory: b0 df 52 c3
stack at sp + 2 slots: 0x0 is NULL
stack at sp + 3 slots: 0x00007ffebc81c7a0 jvm.dll
stack at sp + 4 slots: 0x00007ffebc81c7a0 jvm.dll
stack at sp + 5 slots: 0x00007ffebc3a0663 jvm.dll
stack at sp + 6 slots: 0x000001a7b2012450 points into unknown readable memory: 0x000001a79c3a10f0 | f0 10 3a 9c a7 01 00 00
stack at sp + 7 slots: 0x00007ffebc60bb90 jvm.dll


---------------  P R O C E S S  ---------------

Threads class SMR info:
_java_thread_list=0x000001a7bb9b8810, length=37, elements={
0x000001a79c2f4200, 0x000001a79c3a7b50, 0x000001a79c3a9710, 0x000001a7b2093930,
0x000001a7b20946c0, 0x000001a7b2095450, 0x000001a7b2097490, 0x000001a7b20c5350,
0x000001a79c3ac170, 0x000001a7b727abd0, 0x000001a79c356360, 0x000001a7b75071b0,
0x000001a7b7ac8a30, 0x000001a7b79f05f0, 0x000001a7b79f0da0, 0x000001a7b8121e20,
0x000001a7b7bd9cb0, 0x000001a7b7398c70, 0x000001a7b7399690, 0x000001a7b7399ba0,
0x000001a7b7397320, 0x000001a7b73963f0, 0x000001a7b7396e10, 0x000001a7b7397830,
0x000001a7b7398760, 0x000001a7b94ddc80, 0x000001a7b94df0c0, 0x000001a7b94e0f20,
0x000001a7b94e2870, 0x000001a7b94df5d0, 0x000001a7b94dfae0, 0x000001a7b94e2d80,
0x000001a7b94e3cb0, 0x000001a7b94e4be0, 0x000001a7bb2e1ac0, 0x000001a7b94e5600,
0x000001a7b94e3290
}

Java Threads: ( => current thread )
  0x000001a79c2f4200 JavaThread "main" [_thread_blocked, id=11788, stack(0x000000947f000000,0x000000947f100000)]
  0x000001a79c3a7b50 JavaThread "Reference Handler" daemon [_thread_blocked, id=5444, stack(0x000000947f300000,0x000000947f400000)]
  0x000001a79c3a9710 JavaThread "Finalizer" daemon [_thread_blocked, id=3044, stack(0x000000947f400000,0x000000947f500000)]
  0x000001a7b2093930 JavaThread "Signal Dispatcher" daemon [_thread_blocked, id=6612, stack(0x000000947f500000,0x000000947f600000)]
  0x000001a7b20946c0 JavaThread "Attach Listener" daemon [_thread_blocked, id=11280, stack(0x000000947f600000,0x000000947f700000)]
  0x000001a7b2095450 JavaThread "Service Thread" daemon [_thread_blocked, id=10628, stack(0x000000947f700000,0x000000947f800000)]
  0x000001a7b2097490 JavaThread "Monitor Deflation Thread" daemon [_thread_blocked, id=11820, stack(0x000000947f800000,0x000000947f900000)]
  0x000001a7b20c5350 JavaThread "C2 CompilerThread0" daemon [_thread_blocked, id=10664, stack(0x000000947f900000,0x000000947fa00000)]
  0x000001a79c3ac170 JavaThread "C1 CompilerThread0" daemon [_thread_blocked, id=11668, stack(0x000000947fa00000,0x000000947fb00000)]
  0x000001a7b727abd0 JavaThread "Sweeper thread" daemon [_thread_blocked, id=10376, stack(0x000000947fb00000,0x000000947fc00000)]
  0x000001a79c356360 JavaThread "Common-Cleaner" daemon [_thread_blocked, id=12132, stack(0x000000947fc00000,0x000000947fd00000)]
  0x000001a7b75071b0 JavaThread "Notification Thread" daemon [_thread_blocked, id=7248, stack(0x0000009400000000,0x0000009400100000)]
  0x000001a7b7ac8a30 JavaThread "Active Thread: Equinox Container: 4d539d9f-15f7-4766-b2be-1715153de386" [_thread_blocked, id=1208, stack(0x0000009400600000,0x0000009400700000)]
  0x000001a7b79f05f0 JavaThread "Framework Event Dispatcher: Equinox Container: 4d539d9f-15f7-4766-b2be-1715153de386" daemon [_thread_blocked, id=8972, stack(0x0000009400500000,0x0000009400600000)]
  0x000001a7b79f0da0 JavaThread "Start Level: Equinox Container: 4d539d9f-15f7-4766-b2be-1715153de386" daemon [_thread_blocked, id=8968, stack(0x0000009400700000,0x0000009400800000)]
  0x000001a7b8121e20 JavaThread "Bundle File Closer" daemon [_thread_blocked, id=5732, stack(0x0000009400900000,0x0000009400a00000)]
  0x000001a7b7bd9cb0 JavaThread "SCR Component Actor" daemon [_thread_blocked, id=12092, stack(0x0000009400800000,0x0000009400900000)]
  0x000001a7b7398c70 JavaThread "Worker-JM" [_thread_blocked, id=7136, stack(0x0000009400b00000,0x0000009400c00000)]
  0x000001a7b7399690 JavaThread "Worker-0: Initialize workspace" [_thread_blocked, id=7120, stack(0x0000009400c00000,0x0000009400d00000)]
  0x000001a7b7399ba0 JavaThread "Worker-1: Synchronizing projects" [_thread_blocked, id=1944, stack(0x0000009400d00000,0x0000009400e00000)]
  0x000001a7b7397320 JavaThread "Worker-2: Update project demo" [_thread_blocked, id=11108, stack(0x0000009400e00000,0x0000009400f00000)]
  0x000001a7b73963f0 JavaThread "Java indexing" daemon [_thread_blocked, id=12212, stack(0x0000009401000000,0x0000009401100000)]
  0x000001a7b7396e10 JavaThread "JNA Cleaner" daemon [_thread_blocked, id=12204, stack(0x0000009401100000,0x0000009401200000)]
  0x000001a7b7397830 JavaThread "pool-2-thread-1" [_thread_blocked, id=2616, stack(0x0000009401200000,0x0000009401300000)]
  0x000001a7b7398760 JavaThread "WorkspaceEventsHandler" [_thread_blocked, id=8604, stack(0x0000009401300000,0x0000009401400000)]
  0x000001a7b94ddc80 JavaThread "pool-1-thread-1" [_thread_in_native, id=8460, stack(0x0000009401400000,0x0000009401500000)]
  0x000001a7b94df0c0 JavaThread "Worker-3: Initialize Workspace" [_thread_blocked, id=2384, stack(0x0000009401500000,0x0000009401600000)]
  0x000001a7b94e0f20 JavaThread "Worker-4: Refreshing workspace" [_thread_blocked, id=9588, stack(0x0000009401600000,0x0000009401700000)]
  0x000001a7b94e2870 JavaThread "Worker-5" [_thread_blocked, id=9156, stack(0x0000009401700000,0x0000009401800000)]
  0x000001a7b94df5d0 JavaThread "Worker-6" [_thread_blocked, id=11584, stack(0x0000009401800000,0x0000009401900000)]
  0x000001a7b94dfae0 JavaThread "ForkJoinPool.commonPool-worker-1" daemon [_thread_blocked, id=11152, stack(0x0000009400f00000,0x0000009401000000)]
  0x000001a7b94e2d80 JavaThread "ForkJoinPool.commonPool-worker-2" daemon [_thread_blocked, id=8016, stack(0x0000009401900000,0x0000009401a00000)]
  0x000001a7b94e3cb0 JavaThread "ForkJoinPool.commonPool-worker-3" daemon [_thread_blocked, id=11552, stack(0x0000009401a00000,0x0000009401b00000)]
  0x000001a7b94e4be0 JavaThread "Worker-7" [_thread_blocked, id=3944, stack(0x0000009400a00000,0x0000009400b00000)]
  0x000001a7bb2e1ac0 JavaThread "C2 CompilerThread1" daemon [_thread_blocked, id=7664, stack(0x0000009401b00000,0x0000009401c00000)]
  0x000001a7b94e5600 JavaThread "Thread-2" daemon [_thread_blocked, id=10208, stack(0x0000009401c00000,0x0000009401d00000)]
  0x000001a7b94e3290 JavaThread "Worker-8" [_thread_blocked, id=8608, stack(0x0000009401e00000,0x0000009401f00000)]

Other Threads:
  0x000001a7b2076650 VMThread "VM Thread" [stack: 0x000000947f200000,0x000000947f300000] [id=8840]
  0x000001a7b75078e0 WatcherThread [stack: 0x0000009400100000,0x0000009400200000] [id=2664]
  0x000001a79c30b010 GCTaskThread "GC Thread#0" [stack: 0x000000947f100000,0x000000947f200000] [id=9468]
  0x000001a7b76052e0 GCTaskThread "GC Thread#1" [stack: 0x0000009400200000,0x0000009400300000] [id=12140]
=>0x000001a7b76059b0 GCTaskThread "GC Thread#2" [stack: 0x0000009400300000,0x0000009400400000] [id=5720]
  0x000001a7b7a37070 GCTaskThread "GC Thread#3" [stack: 0x0000009400400000,0x0000009400500000] [id=6908]

Threads with active compile tasks:

VM state: at safepoint (normal execution)

VM Mutex/Monitor currently owned by a thread:  ([mutex/lock_event])
[0x000001a79c2f07a0] Threads_lock - owner thread: 0x000001a7b2076650
[0x000001a79c2efb40] Heap_lock - owner thread: 0x000001a7b94e5600

Heap address: 0x00000000c0000000, size: 1024 MB, Compressed Oops mode: 32-bit

CDS archive(s) not mapped
Compressed class space mapped at: 0x0000000100000000-0x0000000140000000, reserved size: 1073741824
Narrow klass base: 0x0000000000000000, Narrow klass shift: 3, Narrow klass range: 0x140000000

GC Precious Log:
 CPUs: 4 total, 4 available
 Memory: 14278M
 Large Page Support: Disabled
 NUMA Support: Disabled
 Compressed Oops: Enabled (32-bit)
 Alignments: Space 512K, Generation 512K, Heap 2M
 Heap Min Capacity: 100M
 Heap Initial Capacity: 100M
 Heap Max Capacity: 1G
 Pre-touch: Disabled
 Parallel Workers: 4

Heap:
 PSYoungGen      total 21504K, used 500K [0x00000000eab00000, 0x00000000ec280000, 0x0000000100000000)
  eden space 20992K, 0% used [0x00000000eab00000,0x00000000eab00000,0x00000000ebf80000)
  from space 512K, 97% used [0x00000000ec200000,0x00000000ec27d200,0x00000000ec280000)
  to   space 1024K, 0% used [0x00000000ec080000,0x00000000ec080000,0x00000000ec180000)
 ParOldGen       total 70144K, used 69252K [0x00000000c0000000, 0x00000000c4480000, 0x00000000eab00000)
  object space 70144K, 98% used [0x00000000c0000000,0x00000000c43a12d0,0x00000000c4480000)
 Metaspace       used 70516K, committed 71936K, reserved 1114112K
  class space    used 7447K, committed 8128K, reserved 1048576K

Card table byte_map: [0x000001a7af950000,0x000001a7afb60000] _byte_map_base: 0x000001a7af350000

Marking Bits: (ParMarkBitMap*) 0x00007ffebc88d7d0
 Begin Bits: [0x000001a7afcc0000, 0x000001a7b0cc0000)
 End Bits:   [0x000001a7b0cc0000, 0x000001a7b1cc0000)

Polling page: 0x000001a79c3b0000

Metaspace:

Usage:
  Non-class:     61.59 MB used.
      Class:      7.27 MB used.
       Both:     68.86 MB used.

Virtual space:
  Non-class space:       64.00 MB reserved,      62.31 MB ( 97%) committed,  1 nodes.
      Class space:        1.00 GB reserved,       7.94 MB ( <1%) committed,  1 nodes.
             Both:        1.06 GB reserved,      70.25 MB (  6%) committed. 

Chunk freelists:
   Non-Class:  1.14 MB
       Class:  8.05 MB
        Both:  9.19 MB

MaxMetaspaceSize: unlimited
CompressedClassSpaceSize: 1.00 GB
Initial GC threshold: 21.00 MB
Current GC threshold: 97.31 MB
CDS: off
MetaspaceReclaimPolicy: balanced
 - commit_granule_bytes: 65536.
 - commit_granule_words: 8192.
 - virtual_space_node_default_size: 8388608.
 - enlarge_chunks_in_place: 1.
 - new_chunks_are_fully_committed: 0.
 - uncommit_free_chunks: 1.
 - use_allocation_guard: 0.
 - handle_deallocations: 1.


Internal statistics:

num_allocs_failed_limit: 9.
num_arena_births: 922.
num_arena_deaths: 14.
num_vsnodes_births: 2.
num_vsnodes_deaths: 0.
num_space_committed: 1124.
num_space_uncommitted: 0.
num_chunks_returned_to_freelist: 23.
num_chunks_taken_from_freelist: 3908.
num_chunk_merges: 11.
num_chunk_splits: 2378.
num_chunks_enlarged: 1311.
num_inconsistent_stats: 0.

CodeHeap 'non-profiled nmethods': size=120000Kb used=5685Kb max_used=5685Kb free=114314Kb
 bounds [0x000001a7a8230000, 0x000001a7a87c0000, 0x000001a7af760000]
CodeHeap 'profiled nmethods': size=120000Kb used=19036Kb max_used=19036Kb free=100963Kb
 bounds [0x000001a7a0760000, 0x000001a7a1a00000, 0x000001a7a7c90000]
CodeHeap 'non-nmethods': size=5760Kb used=1344Kb max_used=1408Kb free=4415Kb
 bounds [0x000001a7a7c90000, 0x000001a7a7f00000, 0x000001a7a8230000]
 total_blobs=9324 nmethods=8637 adapters=601
 compilation: enabled
              stopped_count=0, restarted_count=0
 full_count=0

Compilation events (20 events):
Event: 38.756 Thread 0x000001a7bb2e1ac0 nmethod 10055% 0x000001a7a87ae410 code [0x000001a7a87ae8a0, 0x000001a7a87b4138]
Event: 38.758 Thread 0x000001a7bb2e1ac0 10095       4       com.sun.crypto.provider.AESCrypt::implDecryptBlock (3852 bytes)
Event: 38.759 Thread 0x000001a7b20c5350 nmethod 10096% 0x000001a7a87b6a10 code [0x000001a7a87b6ba0, 0x000001a7a87b71d8]
Event: 38.760 Thread 0x000001a7b20c5350 10097   !   4       java.util.zip.InflaterInputStream::read (138 bytes)
Event: 38.761 Thread 0x000001a79c3ac170 10098       3       java.io.FilterInputStream::read (9 bytes)
Event: 38.761 Thread 0x000001a79c3ac170 nmethod 10098 0x000001a7a19f6290 code [0x000001a7a19f6440, 0x000001a7a19f6608]
Event: 38.761 Thread 0x000001a79c3ac170 10099       3       java.util.zip.GZIPInputStream::read (65 bytes)
Event: 38.762 Thread 0x000001a79c3ac170 nmethod 10099 0x000001a7a19f6710 code [0x000001a7a19f6920, 0x000001a7a19f6e68]
Event: 38.763 Thread 0x000001a79c3ac170 10101   !   3       java.util.zip.Inflater::needsDictionary (19 bytes)
Event: 38.763 Thread 0x000001a79c3ac170 nmethod 10101 0x000001a7a19f7090 code [0x000001a7a19f7220, 0x000001a7a19f7418]
Event: 38.765 Thread 0x000001a79c3ac170 10102       3       java.util.zip.InflaterInputStream::fill (60 bytes)
Event: 38.765 Thread 0x000001a79c3ac170 nmethod 10102 0x000001a7a19f7510 code [0x000001a7a19f7700, 0x000001a7a19f7bb8]
Event: 38.785 Thread 0x000001a7bb2e1ac0 nmethod 10095 0x000001a7a87b7510 code [0x000001a7a87b7860, 0x000001a7a87b95d8]
Event: 38.785 Thread 0x000001a79c3ac170 10103       3       org.eclipse.jdt.internal.compiler.util.SimpleLookupTable::put (104 bytes)
Event: 38.785 Thread 0x000001a7bb2e1ac0 10100       4       java.util.zip.InflaterInputStream::ensureOpen (18 bytes)
Event: 38.786 Thread 0x000001a79c3ac170 nmethod 10103 0x000001a7a19f7d90 code [0x000001a7a19f7fa0, 0x000001a7a19f8888]
Event: 38.786 Thread 0x000001a7bb2e1ac0 nmethod 10100 0x000001a7a87b9910 code [0x000001a7a87b9a80, 0x000001a7a87b9b18]
Event: 38.787 Thread 0x000001a7b20c5350 nmethod 10097 0x000001a7a87b9c10 code [0x000001a7a87b9e80, 0x000001a7a87bc2a0]
Event: 38.789 Thread 0x000001a79c3ac170 10104       1       org.apache.maven.settings.Settings::getLocalRepository (5 bytes)
Event: 38.789 Thread 0x000001a79c3ac170 nmethod 10104 0x000001a7a87bd390 code [0x000001a7a87bd520, 0x000001a7a87bd5f8]

GC Heap History (20 events):
Event: 33.799 GC heap after
{Heap after GC invocations=40 (full 3):
 PSYoungGen      total 23552K, used 2432K [0x00000000eab00000, 0x00000000ec580000, 0x0000000100000000)
  eden space 20992K, 0% used [0x00000000eab00000,0x00000000eab00000,0x00000000ebf80000)
  from space 2560K, 95% used [0x00000000ec100000,0x00000000ec360000,0x00000000ec380000)
  to   space 2048K, 0% used [0x00000000ec380000,0x00000000ec380000,0x00000000ec580000)
 ParOldGen       total 68608K, used 51672K [0x00000000c0000000, 0x00000000c4300000, 0x00000000eab00000)
  object space 68608K, 75% used [0x00000000c0000000,0x00000000c3276188,0x00000000c4300000)
 Metaspace       used 63597K, committed 64960K, reserved 1114112K
  class space    used 6840K, committed 7488K, reserved 1048576K
}
Event: 34.892 GC heap before
{Heap before GC invocations=41 (full 3):
 PSYoungGen      total 23552K, used 23420K [0x00000000eab00000, 0x00000000ec580000, 0x0000000100000000)
  eden space 20992K, 99% used [0x00000000eab00000,0x00000000ebf7f050,0x00000000ebf80000)
  from space 2560K, 95% used [0x00000000ec100000,0x00000000ec360000,0x00000000ec380000)
  to   space 2048K, 0% used [0x00000000ec380000,0x00000000ec380000,0x00000000ec580000)
 ParOldGen       total 68608K, used 51672K [0x00000000c0000000, 0x00000000c4300000, 0x00000000eab00000)
  object space 68608K, 75% used [0x00000000c0000000,0x00000000c3276188,0x00000000c4300000)
 Metaspace       used 63880K, committed 65216K, reserved 1114112K
  class space    used 6841K, committed 7488K, reserved 1048576K
}
Event: 34.895 GC heap after
{Heap after GC invocations=41 (full 3):
 PSYoungGen      total 23040K, used 1824K [0x00000000eab00000, 0x00000000ec580000, 0x0000000100000000)
  eden space 20992K, 0% used [0x00000000eab00000,0x00000000eab00000,0x00000000ebf80000)
  from space 2048K, 89% used [0x00000000ec380000,0x00000000ec548000,0x00000000ec580000)
  to   space 2560K, 0% used [0x00000000ec080000,0x00000000ec080000,0x00000000ec300000)
 ParOldGen       total 68608K, used 54024K [0x00000000c0000000, 0x00000000c4300000, 0x00000000eab00000)
  object space 68608K, 78% used [0x00000000c0000000,0x00000000c34c2188,0x00000000c4300000)
 Metaspace       used 63880K, committed 65216K, reserved 1114112K
  class space    used 6841K, committed 7488K, reserved 1048576K
}
Event: 35.226 GC heap before
{Heap before GC invocations=42 (full 3):
 PSYoungGen      total 23040K, used 22816K [0x00000000eab00000, 0x00000000ec580000, 0x0000000100000000)
  eden space 20992K, 100% used [0x00000000eab00000,0x00000000ebf80000,0x00000000ebf80000)
  from space 2048K, 89% used [0x00000000ec380000,0x00000000ec548000,0x00000000ec580000)
  to   space 2560K, 0% used [0x00000000ec080000,0x00000000ec080000,0x00000000ec300000)
 ParOldGen       total 68608K, used 54024K [0x00000000c0000000, 0x00000000c4300000, 0x00000000eab00000)
  object space 68608K, 78% used [0x00000000c0000000,0x00000000c34c2188,0x00000000c4300000)
 Metaspace       used 63967K, committed 65344K, reserved 1114112K
  class space    used 6843K, committed 7488K, reserved 1048576K
}
Event: 35.228 GC heap after
{Heap after GC invocations=42 (full 3):
 PSYoungGen      total 22528K, used 1407K [0x00000000eab00000, 0x00000000ec400000, 0x0000000100000000)
  eden space 20992K, 0% used [0x00000000eab00000,0x00000000eab00000,0x00000000ebf80000)
  from space 1536K, 91% used [0x00000000ec080000,0x00000000ec1dff70,0x00000000ec200000)
  to   space 2048K, 0% used [0x00000000ec200000,0x00000000ec200000,0x00000000ec400000)
 ParOldGen       total 68608K, used 55421K [0x00000000c0000000, 0x00000000c4300000, 0x00000000eab00000)
  object space 68608K, 80% used [0x00000000c0000000,0x00000000c361f750,0x00000000c4300000)
 Metaspace       used 63967K, committed 65344K, reserved 1114112K
  class space    used 6843K, committed 7488K, reserved 1048576K
}
Event: 36.302 GC heap before
{Heap before GC invocations=43 (full 3):
 PSYoungGen      total 22528K, used 22399K [0x00000000eab00000, 0x00000000ec400000, 0x0000000100000000)
  eden space 20992K, 100% used [0x00000000eab00000,0x00000000ebf80000,0x00000000ebf80000)
  from space 1536K, 91% used [0x00000000ec080000,0x00000000ec1dff70,0x00000000ec200000)
  to   space 2048K, 0% used [0x00000000ec200000,0x00000000ec200000,0x00000000ec400000)
 ParOldGen       total 68608K, used 55421K [0x00000000c0000000, 0x00000000c4300000, 0x00000000eab00000)
  object space 68608K, 80% used [0x00000000c0000000,0x00000000c361f750,0x00000000c4300000)
 Metaspace       used 64080K, committed 65408K, reserved 1114112K
  class space    used 6845K, committed 7488K, reserved 1048576K
}
Event: 36.305 GC heap after
{Heap after GC invocations=43 (full 3):
 PSYoungGen      total 23040K, used 1932K [0x00000000eab00000, 0x00000000ec400000, 0x0000000100000000)
  eden space 20992K, 0% used [0x00000000eab00000,0x00000000eab00000,0x00000000ebf80000)
  from space 2048K, 94% used [0x00000000ec200000,0x00000000ec3e3138,0x00000000ec400000)
  to   space 2048K, 0% used [0x00000000ec000000,0x00000000ec000000,0x00000000ec200000)
 ParOldGen       total 68608K, used 56748K [0x00000000c0000000, 0x00000000c4300000, 0x00000000eab00000)
  object space 68608K, 82% used [0x00000000c0000000,0x00000000c376b070,0x00000000c4300000)
 Metaspace       used 64080K, committed 65408K, reserved 1114112K
  class space    used 6845K, committed 7488K, reserved 1048576K
}
Event: 36.929 GC heap before
{Heap before GC invocations=44 (full 3):
 PSYoungGen      total 23040K, used 22924K [0x00000000eab00000, 0x00000000ec400000, 0x0000000100000000)
  eden space 20992K, 100% used [0x00000000eab00000,0x00000000ebf80000,0x00000000ebf80000)
  from space 2048K, 94% used [0x00000000ec200000,0x00000000ec3e3138,0x00000000ec400000)
  to   space 2048K, 0% used [0x00000000ec000000,0x00000000ec000000,0x00000000ec200000)
 ParOldGen       total 68608K, used 56748K [0x00000000c0000000, 0x00000000c4300000, 0x00000000eab00000)
  object space 68608K, 82% used [0x00000000c0000000,0x00000000c376b070,0x00000000c4300000)
 Metaspace       used 65601K, committed 66944K, reserved 1114112K
  class space    used 6970K, committed 7616K, reserved 1048576K
}
Event: 36.935 GC heap after
{Heap after GC invocations=44 (full 3):
 PSYoungGen      total 23040K, used 1806K [0x00000000eab00000, 0x00000000ec380000, 0x0000000100000000)
  eden space 20992K, 0% used [0x00000000eab00000,0x00000000eab00000,0x00000000ebf80000)
  from space 2048K, 88% used [0x00000000ec000000,0x00000000ec1c3b20,0x00000000ec200000)
  to   space 1536K, 0% used [0x00000000ec200000,0x00000000ec200000,0x00000000ec380000)
 ParOldGen       total 68608K, used 58329K [0x00000000c0000000, 0x00000000c4300000, 0x00000000eab00000)
  object space 68608K, 85% used [0x00000000c0000000,0x00000000c38f67b8,0x00000000c4300000)
 Metaspace       used 65601K, committed 66944K, reserved 1114112K
  class space    used 6970K, committed 7616K, reserved 1048576K
}
Event: 37.457 GC heap before
{Heap before GC invocations=45 (full 3):
 PSYoungGen      total 23040K, used 22798K [0x00000000eab00000, 0x00000000ec380000, 0x0000000100000000)
  eden space 20992K, 100% used [0x00000000eab00000,0x00000000ebf80000,0x00000000ebf80000)
  from space 2048K, 88% used [0x00000000ec000000,0x00000000ec1c3b20,0x00000000ec200000)
  to   space 1536K, 0% used [0x00000000ec200000,0x00000000ec200000,0x00000000ec380000)
 ParOldGen       total 68608K, used 58329K [0x00000000c0000000, 0x00000000c4300000, 0x00000000eab00000)
  object space 68608K, 85% used [0x00000000c0000000,0x00000000c38f67b8,0x00000000c4300000)
 Metaspace       used 66497K, committed 67776K, reserved 1114112K
  class space    used 7053K, committed 7680K, reserved 1048576K
}
Event: 37.460 GC heap after
{Heap after GC invocations=45 (full 3):
 PSYoungGen      total 22528K, used 1309K [0x00000000eab00000, 0x00000000ec380000, 0x0000000100000000)
  eden space 20992K, 0% used [0x00000000eab00000,0x00000000eab00000,0x00000000ebf80000)
  from space 1536K, 85% used [0x00000000ec200000,0x00000000ec347480,0x00000000ec380000)
  to   space 1536K, 0% used [0x00000000ec080000,0x00000000ec080000,0x00000000ec200000)
 ParOldGen       total 68608K, used 60040K [0x00000000c0000000, 0x00000000c4300000, 0x00000000eab00000)
  object space 68608K, 87% used [0x00000000c0000000,0x00000000c3aa23a0,0x00000000c4300000)
 Metaspace       used 66497K, committed 67776K, reserved 1114112K
  class space    used 7053K, committed 7680K, reserved 1048576K
}
Event: 37.809 GC heap before
{Heap before GC invocations=46 (full 3):
 PSYoungGen      total 22528K, used 22301K [0x00000000eab00000, 0x00000000ec380000, 0x0000000100000000)
  eden space 20992K, 100% used [0x00000000eab00000,0x00000000ebf80000,0x00000000ebf80000)
  from space 1536K, 85% used [0x00000000ec200000,0x00000000ec347480,0x00000000ec380000)
  to   space 1536K, 0% used [0x00000000ec080000,0x00000000ec080000,0x00000000ec200000)
 ParOldGen       total 68608K, used 60040K [0x00000000c0000000, 0x00000000c4300000, 0x00000000eab00000)
  object space 68608K, 87% used [0x00000000c0000000,0x00000000c3aa23a0,0x00000000c4300000)
 Metaspace       used 67145K, committed 68480K, reserved 1114112K
  class space    used 7120K, committed 7744K, reserved 1048576K
}
Event: 37.812 GC heap after
{Heap after GC invocations=46 (full 3):
 PSYoungGen      total 22528K, used 1513K [0x00000000eab00000, 0x00000000ec680000, 0x0000000100000000)
  eden space 20992K, 0% used [0x00000000eab00000,0x00000000eab00000,0x00000000ebf80000)
  from space 1536K, 98% used [0x00000000ec080000,0x00000000ec1fa700,0x00000000ec200000)
  to   space 3584K, 0% used [0x00000000ec300000,0x00000000ec300000,0x00000000ec680000)
 ParOldGen       total 68608K, used 61489K [0x00000000c0000000, 0x00000000c4300000, 0x00000000eab00000)
  object space 68608K, 89% used [0x00000000c0000000,0x00000000c3c0c720,0x00000000c4300000)
 Metaspace       used 67145K, committed 68480K, reserved 1114112K
  class space    used 7120K, committed 7744K, reserved 1048576K
}
Event: 38.030 GC heap before
{Heap before GC invocations=47 (full 3):
 PSYoungGen      total 22528K, used 22505K [0x00000000eab00000, 0x00000000ec680000, 0x0000000100000000)
  eden space 20992K, 100% used [0x00000000eab00000,0x00000000ebf80000,0x00000000ebf80000)
  from space 1536K, 98% used [0x00000000ec080000,0x00000000ec1fa700,0x00000000ec200000)
  to   space 3584K, 0% used [0x00000000ec300000,0x00000000ec300000,0x00000000ec680000)
 ParOldGen       total 68608K, used 61489K [0x00000000c0000000, 0x00000000c4300000, 0x00000000eab00000)
  object space 68608K, 89% used [0x00000000c0000000,0x00000000c3c0c720,0x00000000c4300000)
 Metaspace       used 67468K, committed 68800K, reserved 1114112K
  class space    used 7141K, committed 7744K, reserved 1048576K
}
Event: 38.031 GC heap after
{Heap after GC invocations=47 (full 3):
 PSYoungGen      total 21504K, used 160K [0x00000000eab00000, 0x00000000ec380000, 0x0000000100000000)
  eden space 20992K, 0% used [0x00000000eab00000,0x00000000eab00000,0x00000000ebf80000)
  from space 512K, 31% used [0x00000000ec300000,0x00000000ec328000,0x00000000ec380000)
  to   space 1536K, 0% used [0x00000000ec080000,0x00000000ec080000,0x00000000ec200000)
 ParOldGen       total 68608K, used 61829K [0x00000000c0000000, 0x00000000c4300000, 0x00000000eab00000)
  object space 68608K, 90% used [0x00000000c0000000,0x00000000c3c61460,0x00000000c4300000)
 Metaspace       used 67468K, committed 68800K, reserved 1114112K
  class space    used 7141K, committed 7744K, reserved 1048576K
}
Event: 38.563 GC heap before
{Heap before GC invocations=48 (full 3):
 PSYoungGen      total 21504K, used 20811K [0x00000000eab00000, 0x00000000ec380000, 0x0000000100000000)
  eden space 20992K, 98% used [0x00000000eab00000,0x00000000ebf2ae08,0x00000000ebf80000)
  from space 512K, 31% used [0x00000000ec300000,0x00000000ec328000,0x00000000ec380000)
  to   space 1536K, 0% used [0x00000000ec080000,0x00000000ec080000,0x00000000ec200000)
 ParOldGen       total 68608K, used 61829K [0x00000000c0000000, 0x00000000c4300000, 0x00000000eab00000)
  object space 68608K, 90% used [0x00000000c0000000,0x00000000c3c61460,0x00000000c4300000)
 Metaspace       used 69828K, committed 71168K, reserved 1114112K
  class space    used 7365K, committed 8000K, reserved 1048576K
}
Event: 38.564 GC heap after
{Heap after GC invocations=48 (full 3):
 PSYoungGen      total 22528K, used 1043K [0x00000000eab00000, 0x00000000ec380000, 0x0000000100000000)
  eden space 20992K, 0% used [0x00000000eab00000,0x00000000eab00000,0x00000000ebf80000)
  from space 1536K, 67% used [0x00000000ec080000,0x00000000ec184ef8,0x00000000ec200000)
  to   space 1536K, 0% used [0x00000000ec200000,0x00000000ec200000,0x00000000ec380000)
 ParOldGen       total 68608K, used 61869K [0x00000000c0000000, 0x00000000c4300000, 0x00000000eab00000)
  object space 68608K, 90% used [0x00000000c0000000,0x00000000c3c6b460,0x00000000c4300000)
 Metaspace       used 69828K, committed 71168K, reserved 1114112K
  class space    used 7365K, committed 8000K, reserved 1048576K
}
Event: 38.815 GC heap before
{Heap before GC invocations=49 (full 3):
 PSYoungGen      total 22528K, used 19397K [0x00000000eab00000, 0x00000000ec380000, 0x0000000100000000)
  eden space 20992K, 87% used [0x00000000eab00000,0x00000000ebcec860,0x00000000ebf80000)
  from space 1536K, 67% used [0x00000000ec080000,0x00000000ec184ef8,0x00000000ec200000)
  to   space 1536K, 0% used [0x00000000ec200000,0x00000000ec200000,0x00000000ec380000)
 ParOldGen       total 68608K, used 61869K [0x00000000c0000000, 0x00000000c4300000, 0x00000000eab00000)
  object space 68608K, 90% used [0x00000000c0000000,0x00000000c3c6b460,0x00000000c4300000)
 Metaspace       used 70516K, committed 71936K, reserved 1114112K
  class space    used 7447K, committed 8128K, reserved 1048576K
}
Event: 38.819 GC heap after
{Heap after GC invocations=49 (full 3):
 PSYoungGen      total 21504K, used 500K [0x00000000eab00000, 0x00000000ec280000, 0x0000000100000000)
  eden space 20992K, 0% used [0x00000000eab00000,0x00000000eab00000,0x00000000ebf80000)
  from space 512K, 97% used [0x00000000ec200000,0x00000000ec27d200,0x00000000ec280000)
  to   space 1024K, 0% used [0x00000000ec080000,0x00000000ec080000,0x00000000ec180000)
 ParOldGen       total 70144K, used 69252K [0x00000000c0000000, 0x00000000c4480000, 0x00000000eab00000)
  object space 70144K, 98% used [0x00000000c0000000,0x00000000c43a12d0,0x00000000c4480000)
 Metaspace       used 70516K, committed 71936K, reserved 1114112K
  class space    used 7447K, committed 8128K, reserved 1048576K
}
Event: 38.819 GC heap before
{Heap before GC invocations=50 (full 4):
 PSYoungGen      total 21504K, used 500K [0x00000000eab00000, 0x00000000ec280000, 0x0000000100000000)
  eden space 20992K, 0% used [0x00000000eab00000,0x00000000eab00000,0x00000000ebf80000)
  from space 512K, 97% used [0x00000000ec200000,0x00000000ec27d200,0x00000000ec280000)
  to   space 1024K, 0% used [0x00000000ec080000,0x00000000ec080000,0x00000000ec180000)
 ParOldGen       total 70144K, used 69252K [0x00000000c0000000, 0x00000000c4480000, 0x00000000eab00000)
  object space 70144K, 98% used [0x00000000c0000000,0x00000000c43a12d0,0x00000000c4480000)
 Metaspace       used 70516K, committed 71936K, reserved 1114112K
  class space    used 7447K, committed 8128K, reserved 1048576K
}

Dll operation events (11 events):
Event: 0.021 Loaded shared library c:\Users\gutie\.vscode\extensions\redhat.java-1.28.1-win32-x64\jre\17.0.10-win32-x86_64\bin\java.dll
Event: 0.241 Loaded shared library c:\Users\gutie\.vscode\extensions\redhat.java-1.28.1-win32-x64\jre\17.0.10-win32-x86_64\bin\zip.dll
Event: 0.245 Loaded shared library C:\Users\gutie\.vscode\extensions\redhat.java-1.28.1-win32-x64\jre\17.0.10-win32-x86_64\bin\instrument.dll
Event: 0.257 Loaded shared library C:\Users\gutie\.vscode\extensions\redhat.java-1.28.1-win32-x64\jre\17.0.10-win32-x86_64\bin\net.dll
Event: 0.259 Loaded shared library C:\Users\gutie\.vscode\extensions\redhat.java-1.28.1-win32-x64\jre\17.0.10-win32-x86_64\bin\nio.dll
Event: 0.267 Loaded shared library C:\Users\gutie\.vscode\extensions\redhat.java-1.28.1-win32-x64\jre\17.0.10-win32-x86_64\bin\zip.dll
Event: 0.318 Loaded shared library C:\Users\gutie\.vscode\extensions\redhat.java-1.28.1-win32-x64\jre\17.0.10-win32-x86_64\bin\jimage.dll
Event: 1.027 Loaded shared library c:\Users\gutie\.vscode\extensions\redhat.java-1.28.1-win32-x64\jre\17.0.10-win32-x86_64\bin\verify.dll
Event: 11.004 Loaded shared library C:\Users\gutie\AppData\Roaming\Code\User\globalStorage\redhat.java\1.28.1\config_win\org.eclipse.equinox.launcher\org.eclipse.equinox.launcher.win32.win32.x86_64_1.2.900.v20240129-1338\eclipse_11900.dll
Event: 23.774 Loaded shared library C:\Users\gutie\AppData\Local\Temp\jna-98723042\jna12287007302087894423.dll
Event: 38.618 Loaded shared library C:\Users\gutie\.vscode\extensions\redhat.java-1.28.1-win32-x64\jre\17.0.10-win32-x86_64\bin\sunmscapi.dll

Deoptimization events (20 events):
Event: 38.606 Thread 0x000001a7b94e5600 Uncommon trap: trap_request=0xffffff45 fr.pc=0x000001a7a8560d2c relative=0x00000000000001cc
Event: 38.606 Thread 0x000001a7b94e5600 Uncommon trap: reason=unstable_if action=reinterpret pc=0x000001a7a8560d2c method=java.util.HashMap.putVal(ILjava/lang/Object;Ljava/lang/Object;ZZ)Ljava/lang/Object; @ 162 c2
Event: 38.606 Thread 0x000001a7b94e5600 DEOPT PACKING pc=0x000001a7a8560d2c sp=0x0000009401cfddc0
Event: 38.606 Thread 0x000001a7b94e5600 DEOPT UNPACKING pc=0x000001a7a7ce66a3 sp=0x0000009401cfdcc8 mode 2
Event: 38.759 Thread 0x000001a7b94e5600 Uncommon trap: trap_request=0xffffffde fr.pc=0x000001a7a8449488 relative=0x0000000000001848
Event: 38.759 Thread 0x000001a7b94e5600 Uncommon trap: reason=class_check action=maybe_recompile pc=0x000001a7a8449488 method=java.util.zip.InflaterInputStream.read([BII)I @ 100 c2
Event: 38.759 Thread 0x000001a7b94e5600 DEOPT PACKING pc=0x000001a7a8449488 sp=0x0000009401cfed30
Event: 38.759 Thread 0x000001a7b94e5600 DEOPT UNPACKING pc=0x000001a7a7ce66a3 sp=0x0000009401cfed80 mode 2
Event: 38.759 Thread 0x000001a7b94e5600 Uncommon trap: trap_request=0xffffffde fr.pc=0x000001a7a8449488 relative=0x0000000000001848
Event: 38.759 Thread 0x000001a7b94e5600 Uncommon trap: reason=class_check action=maybe_recompile pc=0x000001a7a8449488 method=java.util.zip.InflaterInputStream.read([BII)I @ 100 c2
Event: 38.759 Thread 0x000001a7b94e5600 DEOPT PACKING pc=0x000001a7a8449488 sp=0x0000009401cfed30
Event: 38.759 Thread 0x000001a7b94e5600 DEOPT UNPACKING pc=0x000001a7a7ce66a3 sp=0x0000009401cfed80 mode 2
Event: 38.759 Thread 0x000001a7b94e5600 Uncommon trap: trap_request=0xffffffde fr.pc=0x000001a7a8449488 relative=0x0000000000001848
Event: 38.759 Thread 0x000001a7b94e5600 Uncommon trap: reason=class_check action=maybe_recompile pc=0x000001a7a8449488 method=java.util.zip.InflaterInputStream.read([BII)I @ 100 c2
Event: 38.759 Thread 0x000001a7b94e5600 DEOPT PACKING pc=0x000001a7a8449488 sp=0x0000009401cfed30
Event: 38.759 Thread 0x000001a7b94e5600 DEOPT UNPACKING pc=0x000001a7a7ce66a3 sp=0x0000009401cfed80 mode 2
Event: 38.759 Thread 0x000001a7b94e5600 Uncommon trap: trap_request=0xffffffde fr.pc=0x000001a7a8449488 relative=0x0000000000001848
Event: 38.759 Thread 0x000001a7b94e5600 Uncommon trap: reason=class_check action=maybe_recompile pc=0x000001a7a8449488 method=java.util.zip.InflaterInputStream.read([BII)I @ 100 c2
Event: 38.759 Thread 0x000001a7b94e5600 DEOPT PACKING pc=0x000001a7a8449488 sp=0x0000009401cfed30
Event: 38.760 Thread 0x000001a7b94e5600 DEOPT UNPACKING pc=0x000001a7a7ce66a3 sp=0x0000009401cfed80 mode 2

Classes unloaded (7 events):
Event: 23.511 Thread 0x000001a7b2076650 Unloading class 0x000000010024c400 'java/lang/invoke/LambdaForm$MH+0x000000010024c400'
Event: 23.511 Thread 0x000001a7b2076650 Unloading class 0x000000010024c000 'java/lang/invoke/LambdaForm$MH+0x000000010024c000'
Event: 23.511 Thread 0x000001a7b2076650 Unloading class 0x000000010024bc00 'java/lang/invoke/LambdaForm$MH+0x000000010024bc00'
Event: 23.511 Thread 0x000001a7b2076650 Unloading class 0x000000010024b800 'java/lang/invoke/LambdaForm$MH+0x000000010024b800'
Event: 23.511 Thread 0x000001a7b2076650 Unloading class 0x000000010024b400 'java/lang/invoke/LambdaForm$BMH+0x000000010024b400'
Event: 23.511 Thread 0x000001a7b2076650 Unloading class 0x000000010024b000 'java/lang/invoke/LambdaForm$DMH+0x000000010024b000'
Event: 23.511 Thread 0x000001a7b2076650 Unloading class 0x0000000100248400 'java/lang/invoke/LambdaForm$DMH+0x0000000100248400'

Classes redefined (0 events):
No events

Internal exceptions (20 events):
Event: 36.870 Thread 0x000001a7b94e2870 Exception <a 'java/io/FileNotFoundException'{0x00000000ebaef3f8}> (0x00000000ebaef3f8) 
thrown [s\src\hotspot\share\prims\jni.cpp, line 516]
Event: 36.881 Thread 0x000001a7b94e2870 Exception <a 'java/io/FileNotFoundException'{0x00000000ebaf1aa8}> (0x00000000ebaf1aa8) 
thrown [s\src\hotspot\share\prims\jni.cpp, line 516]
Event: 36.881 Thread 0x000001a7b94e2d80 Exception <a 'java/io/FileNotFoundException'{0x00000000ebd96c38}> (0x00000000ebd96c38) 
thrown [s\src\hotspot\share\prims\jni.cpp, line 516]
Event: 36.881 Thread 0x000001a7b94e2870 Exception <a 'java/io/FileNotFoundException'{0x00000000ebaf2ad8}> (0x00000000ebaf2ad8) 
thrown [s\src\hotspot\share\prims\jni.cpp, line 516]
Event: 36.889 Thread 0x000001a7b94e2870 Exception <a 'java/lang/LinkageError'{0x00000000ebe1af18}: loader lombok.launch.ShadowClassLoader @10274099 attempted duplicate class definition for lombok.launch.PatchFixesHider$Delegate. (lombok.launch.PatchFixesHider$Delegate is in unnamed module of loader lombok.launch.ShadowClassLoader @10274099, parent loader org.eclipse.osgi.internal.loader.EquinoxClassLoader @69470b57)> (0x00000000ebe1af18) 
thrown [s\src\hotspot\share\classfile\systemDictionary.cpp, line 1724]
Event: 37.140 Thread 0x000001a7b7397320 Exception <a 'java/lang/NoSuchMethodError'{0x00000000eb1333b8}: 'long java.lang.invoke.DirectMethodHandle$Holder.invokeStatic(java.lang.Object, java.lang.Object)'> (0x00000000eb1333b8) 
thrown [s\src\hotspot\share\interpreter\linkResolver.cpp, line 759]
Event: 37.149 Thread 0x000001a7b7397320 Exception <a 'java/lang/NoSuchMethodError'{0x00000000eb182480}: 'java.lang.Object java.lang.invoke.DirectMethodHandle$Holder.newInvokeSpecial(java.lang.Object, java.lang.Object, java.lang.Object, int)'> (0x00000000eb182480) 
thrown [s\src\hotspot\share\interpreter\linkResolver.cpp, line 759]
Event: 37.150 Thread 0x000001a7b7397320 Exception <a 'java/lang/NoSuchMethodError'{0x00000000eb186588}: 'java.lang.Object java.lang.invoke.DirectMethodHandle$Holder.invokeSpecial(java.lang.Object, java.lang.Object, java.lang.Object, java.lang.Object, int)'> (0x00000000eb186588) 
thrown [s\src\hotspot\share\interpreter\linkResolver.cpp, line 759]
Event: 37.150 Thread 0x000001a7b7397320 Exception <a 'java/lang/NoSuchMethodError'{0x00000000eb189ef0}: 'java.lang.Object java.lang.invoke.Invokers$Holder.linkToTargetMethod(java.lang.Object, java.lang.Object, int, java.lang.Object)'> (0x00000000eb189ef0) 
thrown [s\src\hotspot\share\interpreter\linkResolver.cpp, line 759]
Event: 37.169 Thread 0x000001a7b7397320 Exception <a 'java/lang/NoSuchMethodError'{0x00000000eb1c6be8}: static Lorg/apache/maven/model/InputLocation;.<clinit>()V> (0x00000000eb1c6be8) 
thrown [s\src\hotspot\share\prims\jni.cpp, line 1107]
Event: 37.170 Thread 0x000001a7b7397320 Exception <a 'java/lang/NoSuchMethodError'{0x00000000eb1d8d38}: static Lorg/apache/maven/model/InputSource;.<clinit>()V> (0x00000000eb1d8d38) 
thrown [s\src\hotspot\share\prims\jni.cpp, line 1107]
Event: 37.311 Thread 0x000001a7b7397320 Exception <a 'java/lang/NoSuchMethodError'{0x00000000eb7ec090}: 'void java.lang.invoke.DirectMethodHandle$Holder.invokeSpecial(java.lang.Object, java.lang.Object, java.lang.Object, java.lang.Object, java.lang.Object)'> (0x00000000eb7ec090) 
thrown [s\src\hotspot\share\interpreter\linkResolver.cpp, line 759]
Event: 37.490 Thread 0x000001a7b94e2d80 Exception <a 'java/lang/LinkageError'{0x00000000eac24240}: loader lombok.launch.ShadowClassLoader @10274099 attempted duplicate class definition for lombok.launch.PatchFixesHider$ExtensionMethod. (lombok.launch.PatchFixesHider$ExtensionMethod is in unnamed module of loader lombok.launch.ShadowClassLoader @10274099, parent loader org.eclipse.osgi.internal.loader.EquinoxClassLoader @69470b57)> (0x00000000eac24240) 
thrown [s\src\hotspot\share\classfile\systemDictionary.cpp, line 1724]
Event: 37.517 Thread 0x000001a7b94e2d80 Exception <a 'java/lang/NoSuchMethodError'{0x00000000ead38480}: 'int java.lang.invoke.DirectMethodHandle$Holder.invokeStatic(java.lang.Object, int, java.lang.Object)'> (0x00000000ead38480) 
thrown [s\src\hotspot\share\interpreter\linkResolver.cpp, line 759]
Event: 37.683 Thread 0x000001a7b94e2870 Exception <a 'java/io/FileNotFoundException'{0x00000000eb090b58}> (0x00000000eb090b58) 
thrown [s\src\hotspot\share\prims\jni.cpp, line 516]
Event: 37.683 Thread 0x000001a7b94e2870 Exception <a 'java/io/FileNotFoundException'{0x00000000eb091c80}> (0x00000000eb091c80) 
thrown [s\src\hotspot\share\prims\jni.cpp, line 516]
Event: 37.684 Thread 0x000001a7b94e2870 Exception <a 'java/io/FileNotFoundException'{0x00000000eb092a28}> (0x00000000eb092a28) 
thrown [s\src\hotspot\share\prims\jni.cpp, line 516]
Event: 38.444 Thread 0x000001a7b94e3cb0 Exception <a 'java/lang/ArrayIndexOutOfBoundsException'{0x00000000ebb4e328}> (0x00000000ebb4e328) 
thrown [s\src\hotspot\share\runtime\sharedRuntime.cpp, line 631]
Event: 38.568 Thread 0x000001a7b94e3cb0 Implicit null exception at 0x000001a7a8776711 to 0x000001a7a8776868
Event: 38.638 Thread 0x000001a7b94e5600 Exception <a 'sun/nio/fs/WindowsException'{0x00000000eb145ed0}> (0x00000000eb145ed0) 
thrown [s\src\hotspot\share\prims\jni.cpp, line 516]

VM Operations (20 events):
Event: 37.202 Executing VM operation: HandshakeAllThreads done
Event: 37.203 Executing VM operation: HandshakeAllThreads
Event: 37.203 Executing VM operation: HandshakeAllThreads done
Event: 37.337 Executing VM operation: ICBufferFull
Event: 37.337 Executing VM operation: ICBufferFull done
Event: 37.449 Executing VM operation: ParallelGCFailedAllocation
Event: 37.461 Executing VM operation: ParallelGCFailedAllocation done
Event: 37.765 Executing VM operation: ParallelGCFailedAllocation
Event: 37.815 Executing VM operation: ParallelGCFailedAllocation done
Event: 38.030 Executing VM operation: ParallelGCFailedAllocation
Event: 38.031 Executing VM operation: ParallelGCFailedAllocation done
Event: 38.558 Executing VM operation: ParallelGCFailedAllocation
Event: 38.567 Executing VM operation: ParallelGCFailedAllocation done
Event: 38.583 Executing VM operation: HandshakeAllThreads
Event: 38.596 Executing VM operation: HandshakeAllThreads done
Event: 38.640 Executing VM operation: HandshakeAllThreads
Event: 38.640 Executing VM operation: HandshakeAllThreads done
Event: 38.759 Executing VM operation: HandshakeAllThreads
Event: 38.759 Executing VM operation: HandshakeAllThreads done
Event: 38.815 Executing VM operation: ParallelGCFailedAllocation

Events (20 events):
Event: 38.731 loading class com/sun/crypto/provider/AESConstants done
Event: 38.731 loading class com/sun/crypto/provider/SymmetricCipher
Event: 38.731 loading class com/sun/crypto/provider/SymmetricCipher done
Event: 38.731 loading class com/sun/crypto/provider/AESCrypt done
Event: 38.737 loading class com/sun/crypto/provider/ElectronicCodeBook
Event: 38.737 loading class com/sun/crypto/provider/FeedbackCipher
Event: 38.737 loading class com/sun/crypto/provider/FeedbackCipher done
Event: 38.737 loading class com/sun/crypto/provider/ElectronicCodeBook done
Event: 38.737 loading class com/sun/crypto/provider/PKCS5Padding
Event: 38.738 loading class com/sun/crypto/provider/Padding
Event: 38.738 loading class com/sun/crypto/provider/Padding done
Event: 38.738 loading class com/sun/crypto/provider/PKCS5Padding done
Event: 38.738 loading class com/sun/crypto/provider/CipherBlockChaining
Event: 38.739 loading class com/sun/crypto/provider/CipherBlockChaining done
Event: 38.739 loading class javax/crypto/NullCipher
Event: 38.739 loading class javax/crypto/NullCipher done
Event: 38.739 loading class sun/security/util/ArrayUtil
Event: 38.740 loading class sun/security/util/ArrayUtil done
Event: 38.759 loading class java/util/zip/CheckedInputStream
Event: 38.759 loading class java/util/zip/CheckedInputStream done


Dynamic libraries:
0x00007ff6f4840000 - 0x00007ff6f484e000 	c:\Users\gutie\.vscode\extensions\redhat.java-1.28.1-win32-x64\jre\17.0.10-win32-x86_64\bin\java.exe
0x00007fff0fb90000 - 0x00007fff0fd88000 	C:\WINDOWS\SYSTEM32\ntdll.dll
0x00007fff0e7e0000 - 0x00007fff0e89d000 	C:\WINDOWS\System32\KERNEL32.DLL
0x00007fff0d430000 - 0x00007fff0d726000 	C:\WINDOWS\System32\KERNELBASE.dll
0x00007fff0d810000 - 0x00007fff0d910000 	C:\WINDOWS\System32\ucrtbase.dll
0x00007ffeeb5c0000 - 0x00007ffeeb5d7000 	c:\Users\gutie\.vscode\extensions\redhat.java-1.28.1-win32-x64\jre\17.0.10-win32-x86_64\bin\jli.dll
0x00007fff0f240000 - 0x00007fff0f3df000 	C:\WINDOWS\System32\USER32.dll
0x00007fff0d7e0000 - 0x00007fff0d802000 	C:\WINDOWS\System32\win32u.dll
0x00007fff0f490000 - 0x00007fff0f4bb000 	C:\WINDOWS\System32\GDI32.dll
0x00007fff0d240000 - 0x00007fff0d357000 	C:\WINDOWS\System32\gdi32full.dll
0x00007fff0d360000 - 0x00007fff0d3fd000 	C:\WINDOWS\System32\msvcp_win.dll
0x00007ffeeb5a0000 - 0x00007ffeeb5bb000 	c:\Users\gutie\.vscode\extensions\redhat.java-1.28.1-win32-x64\jre\17.0.10-win32-x86_64\bin\VCRUNTIME140.dll
0x00007fff0c5b0000 - 0x00007fff0c84a000 	C:\WINDOWS\WinSxS\amd64_microsoft.windows.common-controls_6595b64144ccf1df_6.0.19041.3636_none_60b6a03d71f818d5\COMCTL32.dll
0x00007fff0f070000 - 0x00007fff0f10e000 	C:\WINDOWS\System32\msvcrt.dll
0x00007fff0f610000 - 0x00007fff0f642000 	C:\WINDOWS\System32\IMM32.DLL
0x00007ffef8c30000 - 0x00007ffef8c3c000 	c:\Users\gutie\.vscode\extensions\redhat.java-1.28.1-win32-x64\jre\17.0.10-win32-x86_64\bin\vcruntime140_1.dll
0x00007ffedf0e0000 - 0x00007ffedf16d000 	c:\Users\gutie\.vscode\extensions\redhat.java-1.28.1-win32-x64\jre\17.0.10-win32-x86_64\bin\msvcp140.dll
0x00007ffebbcf0000 - 0x00007ffebc952000 	c:\Users\gutie\.vscode\extensions\redhat.java-1.28.1-win32-x64\jre\17.0.10-win32-x86_64\bin\server\jvm.dll
0x00007fff0f3e0000 - 0x00007fff0f490000 	C:\WINDOWS\System32\ADVAPI32.dll
0x00007fff0f570000 - 0x00007fff0f610000 	C:\WINDOWS\System32\sechost.dll
0x00007fff0dbc0000 - 0x00007fff0dce5000 	C:\WINDOWS\System32\RPCRT4.dll
0x00007fff0d400000 - 0x00007fff0d427000 	C:\WINDOWS\System32\bcrypt.dll
0x00007fff0d0a0000 - 0x00007fff0d0eb000 	C:\WINDOWS\SYSTEM32\POWRPROF.dll
0x00007ffef2e90000 - 0x00007ffef2e99000 	C:\WINDOWS\SYSTEM32\WSOCK32.dll
0x00007fff0ee70000 - 0x00007fff0eedb000 	C:\WINDOWS\System32\WS2_32.dll
0x00007fff02910000 - 0x00007fff02937000 	C:\WINDOWS\SYSTEM32\WINMM.dll
0x00007fff051d0000 - 0x00007fff051da000 	C:\WINDOWS\SYSTEM32\VERSION.dll
0x00007fff0d080000 - 0x00007fff0d092000 	C:\WINDOWS\SYSTEM32\UMPDC.dll
0x00007fff0a410000 - 0x00007fff0a422000 	C:\WINDOWS\SYSTEM32\kernel.appcore.dll
0x00007ffeeb590000 - 0x00007ffeeb59a000 	c:\Users\gutie\.vscode\extensions\redhat.java-1.28.1-win32-x64\jre\17.0.10-win32-x86_64\bin\jimage.dll
0x00007fff0cb50000 - 0x00007fff0cd34000 	C:\WINDOWS\SYSTEM32\DBGHELP.DLL
0x00007fff0c960000 - 0x00007fff0c994000 	C:\WINDOWS\SYSTEM32\dbgcore.DLL
0x00007fff0d9d0000 - 0x00007fff0da52000 	C:\WINDOWS\System32\bcryptPrimitives.dll
0x00007ffee4e50000 - 0x00007ffee4e5e000 	c:\Users\gutie\.vscode\extensions\redhat.java-1.28.1-win32-x64\jre\17.0.10-win32-x86_64\bin\instrument.dll
0x00007ffee49c0000 - 0x00007ffee49e5000 	c:\Users\gutie\.vscode\extensions\redhat.java-1.28.1-win32-x64\jre\17.0.10-win32-x86_64\bin\java.dll
0x00007ffee49a0000 - 0x00007ffee49b8000 	c:\Users\gutie\.vscode\extensions\redhat.java-1.28.1-win32-x64\jre\17.0.10-win32-x86_64\bin\zip.dll
0x00007fff0e070000 - 0x00007fff0e7db000 	C:\WINDOWS\System32\SHELL32.dll
0x00007fff0aca0000 - 0x00007fff0b43e000 	C:\WINDOWS\SYSTEM32\windows.storage.dll
0x00007fff0dcf0000 - 0x00007fff0e043000 	C:\WINDOWS\System32\combase.dll
0x00007fff0c510000 - 0x00007fff0c53e000 	C:\WINDOWS\SYSTEM32\Wldp.dll
0x00007fff0ed20000 - 0x00007fff0eded000 	C:\WINDOWS\System32\OLEAUT32.dll
0x00007fff0f110000 - 0x00007fff0f1bd000 	C:\WINDOWS\System32\SHCORE.dll
0x00007fff0f1c0000 - 0x00007fff0f215000 	C:\WINDOWS\System32\shlwapi.dll
0x00007fff0d170000 - 0x00007fff0d193000 	C:\WINDOWS\SYSTEM32\profapi.dll
0x00007ffee4980000 - 0x00007ffee4999000 	C:\Users\gutie\.vscode\extensions\redhat.java-1.28.1-win32-x64\jre\17.0.10-win32-x86_64\bin\net.dll
0x00007fff064e0000 - 0x00007fff065ea000 	C:\WINDOWS\SYSTEM32\WINHTTP.dll
0x00007fff0c3e0000 - 0x00007fff0c44a000 	C:\WINDOWS\system32\mswsock.dll
0x00007ffedfb10000 - 0x00007ffedfb26000 	C:\Users\gutie\.vscode\extensions\redhat.java-1.28.1-win32-x64\jre\17.0.10-win32-x86_64\bin\nio.dll
0x00007ffee4e40000 - 0x00007ffee4e50000 	c:\Users\gutie\.vscode\extensions\redhat.java-1.28.1-win32-x64\jre\17.0.10-win32-x86_64\bin\verify.dll
0x00007ffedf7d0000 - 0x00007ffedf80e000 	C:\Users\gutie\AppData\Roaming\Code\User\globalStorage\redhat.java\1.28.1\config_win\org.eclipse.equinox.launcher\org.eclipse.equinox.launcher.win32.win32.x86_64_1.2.900.v20240129-1338\eclipse_11900.dll
0x00007fff0eee0000 - 0x00007fff0f00b000 	C:\WINDOWS\System32\ole32.dll
0x00007fff0cee0000 - 0x00007fff0cef8000 	C:\WINDOWS\SYSTEM32\CRYPTSP.dll
0x00007fff0bc00000 - 0x00007fff0bc34000 	C:\WINDOWS\system32\rsaenh.dll
0x00007fff0d130000 - 0x00007fff0d15e000 	C:\WINDOWS\SYSTEM32\USERENV.dll
0x00007fff0c4d0000 - 0x00007fff0c4dc000 	C:\WINDOWS\SYSTEM32\CRYPTBASE.dll
0x00007fff0bf60000 - 0x00007fff0bf9b000 	C:\WINDOWS\SYSTEM32\IPHLPAPI.DLL
0x00007fff0e050000 - 0x00007fff0e058000 	C:\WINDOWS\System32\NSI.dll
0x00007fff05250000 - 0x00007fff05267000 	C:\WINDOWS\SYSTEM32\dhcpcsvc6.DLL
0x00007fff05d40000 - 0x00007fff05d5d000 	C:\WINDOWS\SYSTEM32\dhcpcsvc.DLL
0x00007fff0bfa0000 - 0x00007fff0c06b000 	C:\WINDOWS\SYSTEM32\DNSAPI.dll
0x00007ffef2ca0000 - 0x00007ffef2ce5000 	C:\Users\gutie\AppData\Local\Temp\jna-98723042\jna12287007302087894423.dll
0x00007fff0ea50000 - 0x00007fff0ea58000 	C:\WINDOWS\System32\PSAPI.DLL
0x00007fff082d0000 - 0x00007fff082de000 	C:\Users\gutie\.vscode\extensions\redhat.java-1.28.1-win32-x64\jre\17.0.10-win32-x86_64\bin\sunmscapi.dll
0x00007fff0da60000 - 0x00007fff0dbbd000 	C:\WINDOWS\System32\CRYPT32.dll
0x00007fff0c580000 - 0x00007fff0c5a8000 	C:\WINDOWS\SYSTEM32\ncrypt.dll
0x00007fff0c540000 - 0x00007fff0c57b000 	C:\WINDOWS\SYSTEM32\NTASN1.dll

dbghelp: loaded successfully - version: 4.0.5 - missing functions: none
symbol engine: initialized successfully - sym options: 0x614 - pdb path: .;c:\Users\gutie\.vscode\extensions\redhat.java-1.28.1-win32-x64\jre\17.0.10-win32-x86_64\bin;C:\WINDOWS\SYSTEM32;C:\WINDOWS\WinSxS\amd64_microsoft.windows.common-controls_6595b64144ccf1df_6.0.19041.3636_none_60b6a03d71f818d5;c:\Users\gutie\.vscode\extensions\redhat.java-1.28.1-win32-x64\jre\17.0.10-win32-x86_64\bin\server;C:\Users\gutie\AppData\Roaming\Code\User\globalStorage\redhat.java\1.28.1\config_win\org.eclipse.equinox.launcher\org.eclipse.equinox.launcher.win32.win32.x86_64_1.2.900.v20240129-1338;C:\Users\gutie\AppData\Local\Temp\jna-98723042

VM Arguments:
jvm_args: --add-modules=ALL-SYSTEM --add-opens=java.base/java.util=ALL-UNNAMED --add-opens=java.base/java.lang=ALL-UNNAMED --add-opens=java.base/sun.nio.fs=ALL-UNNAMED -Declipse.application=org.eclipse.jdt.ls.core.id1 -Dosgi.bundles.defaultStartLevel=4 -Declipse.product=org.eclipse.jdt.ls.core.product -Djava.import.generatesMetadataFilesAtProjectRoot=false -DDetectVMInstallationsJob.disabled=true -Dfile.encoding=utf8 -XX:+UseParallelGC -XX:GCTimeRatio=4 -XX:AdaptiveSizePolicyWeight=90 -Dsun.zip.disableMemoryMapping=true -Xmx1G -Xms100m -Xlog:disable -javaagent:c:\Users\gutie\.vscode\extensions\redhat.java-1.28.1-win32-x64\lombok\lombok-1.18.31.jar -XX:+HeapDumpOnOutOfMemoryError -XX:HeapDumpPath=c:\Users\gutie\AppData\Roaming\Code\User\workspaceStorage\732b7c4c7c066e6cbb688c690228bc1d\redhat.java -Daether.dependencyCollector.impl=bf 
java_command: c:\Users\gutie\.vscode\extensions\redhat.java-1.28.1-win32-x64\server\plugins\org.eclipse.equinox.launcher_1.6.700.v20231214-2017.jar -configuration c:\Users\gutie\AppData\Roaming\Code\User\globalStorage\redhat.java\1.28.1\config_win -data c:\Users\gutie\AppData\Roaming\Code\User\workspaceStorage\732b7c4c7c066e6cbb688c690228bc1d\redhat.java\jdt_ws --stdio
java_class_path (initial): c:\Users\gutie\.vscode\extensions\redhat.java-1.28.1-win32-x64\server\plugins\org.eclipse.equinox.launcher_1.6.700.v20231214-2017.jar
Launcher Type: SUN_STANDARD

[Global flags]
    uintx AdaptiveSizePolicyWeight                 = 90                                        {product} {command line}
     intx CICompilerCount                          = 3                                         {product} {ergonomic}
    uintx GCTimeRatio                              = 4                                         {product} {command line}
     bool HeapDumpOnOutOfMemoryError               = true                                   {manageable} {command line}
    ccstr HeapDumpPath                             = c:\Users\gutie\AppData\Roaming\Code\User\workspaceStorage\732b7c4c7c066e6cbb688c690228bc1d\redhat.java         {manageable} {command line}
   size_t InitialHeapSize                          = 104857600                                 {product} {command line}
   size_t MaxHeapSize                              = 1073741824                                {product} {command line}
   size_t MaxNewSize                               = 357564416                                 {product} {ergonomic}
   size_t MinHeapDeltaBytes                        = 524288                                    {product} {ergonomic}
   size_t MinHeapSize                              = 104857600                                 {product} {command line}
   size_t NewSize                                  = 34603008                                  {product} {ergonomic}
    uintx NonNMethodCodeHeapSize                   = 5832780                                {pd product} {ergonomic}
    uintx NonProfiledCodeHeapSize                  = 122912730                              {pd product} {ergonomic}
   size_t OldSize                                  = 70254592                                  {product} {ergonomic}
    uintx ProfiledCodeHeapSize                     = 122912730                              {pd product} {ergonomic}
    uintx ReservedCodeCacheSize                    = 251658240                              {pd product} {ergonomic}
     bool SegmentedCodeCache                       = true                                      {product} {ergonomic}
   size_t SoftMaxHeapSize                          = 1073741824                             {manageable} {ergonomic}
     bool UseCompressedClassPointers               = true                           {product lp64_product} {ergonomic}
     bool UseCompressedOops                        = true                           {product lp64_product} {ergonomic}
     bool UseLargePagesIndividualAllocation        = false                                  {pd product} {ergonomic}
     bool UseParallelGC                            = true                                      {product} {command line}

Logging:
Log output configuration:
 #0: stdout all=off uptime,level,tags
 #1: stderr all=off uptime,level,tags

Environment Variables:
PATH=C:\Program Files\Common Files\Oracle\Java\javapath;C:\Program Files (x86)\Common Files\Oracle\Java\javapath;C:\WINDOWS\system32;C:\WINDOWS;C:\WINDOWS\System32\Wbem;C:\WINDOWS\System32\WindowsPowerShell\v1.0\;C:\WINDOWS\System32\OpenSSH\;C:\Program Files\nodejs\;C:\Program Files\Git\cmd;C:\xampp\php;C:\ProgramData\ComposerSetup\bin;C:\Users\gutie\AppData\Local\Programs\Python\Launcher\;C:\Users\gutie\AppData\Local\Microsoft\WindowsApps;C:\Users\gutie\AppData\Local\GitHubDesktop\bin;C:\Users\gutie\AppData\Local\Programs\Microsoft VS Code\bin;C:\Users\gutie\AppData\Roaming\npm;C:\Users\gutie\AppData\Roaming\Composer\vendor\bin
USERNAME=gutie
OS=Windows_NT
PROCESSOR_IDENTIFIER=AMD64 Family 23 Model 24 Stepping 1, AuthenticAMD
TMP=C:\Users\gutie\AppData\Local\Temp
TEMP=C:\Users\gutie\AppData\Local\Temp



Periodic native trim disabled


---------------  S Y S T E M  ---------------

OS:
 Windows 10 , 64 bit Build 19041 (10.0.19041.3636)
OS uptime: 0 days 0:04 hours

CPU: total 4 (initial active 4) (4 cores per cpu, 1 threads per core) family 23 model 24 stepping 1 microcode 0x0, cx8, cmov, fxsr, mmx, 3dnowpref, sse, sse2, sse3, ssse3, sse4a, sse4.1, sse4.2, popcnt, lzcnt, tsc, tscinvbit, avx, avx2, aes, clmul, bmi1, bmi2, adx, sha, fma, vzeroupper, clflush, clflushopt
Processor Information for all 4 processors :
  Max Mhz: 3600, Current Mhz: 3600, Mhz Limit: 3600

Memory: 4k page, system-wide physical 14278M (8945M free)
TotalPageFile size 19910M (AvailPageFile size 12604M)
current process WorkingSet (physical memory assigned to process): 291M, peak: 292M
current process commit charge ("private bytes"): 320M, peak: 332M

vm_info: OpenJDK 64-Bit Server VM (17.0.10+7) for windows-amd64 JRE (17.0.10+7), built on Jan 16 2024 23:25:11 by "admin" with MS VC++ 16.10 / 16.11 (VS2019)

END.
